Start testing: Apr 25 01:26 RTZ 2 (ceia)
----------------------------------------------------------
Test not available in configuration "cxx_std_17".
1/2 Testing: unit
1/2 Test: unit
Command: "NOT_AVAILABLE"
Directory: C:/Users/mrtruth/Documents/GitHub/labs/ORA_labs/build/lab1/tests
"unit" start time: 
Output:
----------------------------------------------------------
<end of output>
Test time =   0.00 sec
----------------------------------------------------------
Test Passed.
"unit" end time: Apr 25 01:26 RTZ 2 (ceia)
"unit" time elapsed: 00:00:00
----------------------------------------------------------

Test not available in configuration "cxx_std_17".
2/2 Testing: stress
2/2 Test: stress
Command: "NOT_AVAILABLE"
Directory: C:/Users/mrtruth/Documents/GitHub/labs/ORA_labs/build/lab1/tests
"stress" start time: 
Output:
----------------------------------------------------------
<end of output>
Test time =   0.00 sec
----------------------------------------------------------
Test Passed.
"stress" end time: Apr 25 01:26 RTZ 2 (ceia)
"stress" time elapsed: 00:00:00
----------------------------------------------------------

End testing: Apr 25 01:26 RTZ 2 (ceia)
